⚠ Debug mode is enabled. For production, consider setting debug=false in [plugins.client] section of jac.toml
Jac API Server running on http://0.0.0.0:8000
Module: main

Available endpoints:
  POST /user/register - Create a new user
  POST /user/login - Login and get auth token
  GET  /user/info - Get current user information (auth required)
  PUT  /user/username - Update username (auth required)
  PUT  /user/password - Update password (auth required)
  GET /functions - List all functions
  GET /walkers - List all walkers
  GET /function/<name> - Get function signature
  GET /walker/<name> - Get walker info
  POST /function/<name> - Call a function
  POST /walker/<name> - Spawn a walker
  GET /cl/<name> - Render HTML page for client function

Press Ctrl+C to stop the server

  JAC DEV SERVER v0.9.8

  ➜  Local:     http://localhost:8000/

  🚀 Server ready

127.0.0.1 - "POST /user/login HTTP/1.1" 200 -
DEBUG: cfg=JacConfig(project=ProjectConfig(name='littlex1', version='0.1.0', description='A Jac project', authors=[], license='', readme='README.md', jac_version='', entry_point='main.jac', urls={}), run=RunConfig(session='', main=True, cache=True, autonative=False, topology_index=True, prefetching='ttg', prefetch_limit=200), build=BuildConfig(typecheck=False, dir='.jac', native=NativeBuildConfig(opt_level=2, dump_ir='')), test=TestConfig(directory='', filter='', verbose=False, fail_fast=False, max_failures=0), serve=ServeConfig(port=8000, session='', main=True, cl_route_prefix='cl', base_route_app=''), format=FormatConfig(outfile=''), check=CheckConfig(print_errs=True, lint=LintConfig(select=['default'], ignore=[], exclude=[]), suppress=[], suppress_categories=[]), dot=DotConfig(depth=-1, traverse=False, bfs=False, edge_limit=512, node_limit=512, format='dot'), cache=CacheConfig(enabled=True, dir='.jac_cache'), storage=StorageConfig(storage_type='local', base_path='./storage', create_dirs=True), plugins_config=PluginsConfig(discovery='auto', enabled=[], disabled=[]), environment=EnvironmentConfig(default_profile=''), dependencies={}, dev_dependencies={'watchdog': '>=3.0.0'}, git_dependencies={}, plugin_dependencies={'npm': {'jac-client-node': '1.0.7', 'dev': {'@jac-client/dev-deps': '2.0.0'}}}, scripts={}, plugins={'scale': {'database': {'mongodb_uri': 'mongodb://localhost:27017', 'redis_url': 'redis://localhost:6379', 'shelf_db_path': '.jac/data/anchor_store.db'}, 'kubernetes': {'app_name': 'littlex1', 'docker_image_name': 'littlex1', 'namespace': 'default', 'container_port': 8000, 'node_port': 30001, 'mongodb_enabled': True, 'redis_enabled': True}, 'jwt': {'secret': 'littlex1-dev-secret-change-in-production', 'algorithm': 'HS256', 'exp_delta_days': 7}, 'monitoring': {'enabled': True, 'endpoint': '/metrics', 'walker_metrics': True}}}, environments={}, project_root=PosixPath('/home/patrickli/Space/jaseci_env/jaseci_external_tools/littlex1'), toml_path=PosixPath('/home/patrickli/Space/jaseci_env/jaseci_external_tools/littlex1/jac.toml'), config_files=[PosixPath('/home/patrickli/Space/jaseci_env/jaseci_external_tools/littlex1/jac.toml')], active_profile='', _raw_data={'project': {'name': 'littlex1', 'version': '0.1.0', 'description': 'A Jac project', 'entry-point': 'main.jac'}, 'run': {'topology_index': True, 'prefetching': 'ttg', 'prefetch_limit': 200}, 'dependencies': {'npm': {'jac-client-node': '1.0.7', 'dev': {'@jac-client/dev-deps': '2.0.0'}}}, 'dev-dependencies': {'watchdog': '>=3.0.0'}, 'plugins': {'scale': {'database': {'mongodb_uri': 'mongodb://localhost:27017', 'redis_url': 'redis://localhost:6379', 'shelf_db_path': '.jac/data/anchor_store.db'}, 'kubernetes': {'app_name': 'littlex1', 'docker_image_name': 'littlex1', 'namespace': 'default', 'container_port': 8000, 'node_port': 30001, 'mongodb_enabled': True, 'redis_enabled': True}, 'jwt': {'secret': 'littlex1-dev-secret-change-in-production', 'algorithm': 'HS256', 'exp_delta_days': 7}, 'monitoring': {'enabled': True, 'endpoint': '/metrics', 'walker_metrics': True}}}}), prefetching=ttg
TTG prefetch error: No module named 'jaclang.jac0core.ttg'
RUNNNN
5f1f20b3-dd29-42e3-a887-56f0f498c233
DEBUG get_topology_index: no blob, returning empty
RUNNNN
7d534448-b974-41f1-b161-39462328e5ed
RUNNNN
643d78b6-9ad2-46fe-8a9c-b4279956d51d
RUNNNN
0a2c7637-f1a8-47fa-9b87-ceb3982f123f
RUNNNN
2219993e-4924-46ee-9ed1-ac6bfd85d003
Walker execution time: 3.423 ms
127.0.0.1 - "POST /walker/LoadFeed/5f1f20b3-dd29-42e3-a887-56f0f498c233 HTTP/1.1" 200 -
