⚠ Debug mode is enabled. For production, consider setting debug=false in [plugins.client] section of jac.toml
Jac API Server running on http://0.0.0.0:8000
Module: main

Available endpoints:
  POST /user/register - Create a new user
  POST /user/login - Login and get auth token
  GET  /user/info - Get current user information (auth required)
  PUT  /user/username - Update username (auth required)
  PUT  /user/password - Update password (auth required)
  GET /functions - List all functions
  GET /walkers - List all walkers
  GET /function/<name> - Get function signature
  GET /walker/<name> - Get walker info
  POST /function/<name> - Call a function
  POST /walker/<name> - Spawn a walker
  GET /cl/<name> - Render HTML page for client function

Press Ctrl+C to stop the server

  JAC DEV SERVER v0.9.8

  ➜  Local:     http://localhost:8000/

  🚀 Server ready


Setting up Jac for first use (compiling and caching compiler)...
  Compiling jaclang/runtimelib/topo_utils.jac...
127.0.0.1 - "POST /user/register HTTP/1.1" 201 -
127.0.0.1 - "POST /user/login HTTP/1.1" 200 -
DEBUG get_topology_index: no blob, returning empty
DEBUG get_topology_index: loaded from blob, 0 edges
DEBUG topo_utils: set topology_index on root c75b87ac-37de-4745-a498-16fd6bf0b73e, idx has 1 edges
Created node 0 (Total 10) with tweets
DEBUG get_topology_index: loaded from blob, 1 edges
DEBUG get_topology_index: loaded from blob, 1 edges
DEBUG topo_utils: set topology_index on root c75b87ac-37de-4745-a498-16fd6bf0b73e, idx has 2 edges
Created node 1 (Total 10) with tweets
DEBUG get_topology_index: loaded from blob, 2 edges
DEBUG get_topology_index: loaded from blob, 2 edges
DEBUG topo_utils: set topology_index on root c75b87ac-37de-4745-a498-16fd6bf0b73e, idx has 3 edges
Created node 2 (Total 10) with tweets
DEBUG get_topology_index: loaded from blob, 3 edges
DEBUG get_topology_index: loaded from blob, 3 edges
DEBUG topo_utils: set topology_index on root c75b87ac-37de-4745-a498-16fd6bf0b73e, idx has 4 edges
Created node 3 (Total 10) with tweets
DEBUG get_topology_index: loaded from blob, 4 edges
DEBUG get_topology_index: loaded from blob, 4 edges
DEBUG topo_utils: set topology_index on root c75b87ac-37de-4745-a498-16fd6bf0b73e, idx has 5 edges
Created node 4 (Total 10) with tweets
DEBUG get_topology_index: loaded from blob, 5 edges
DEBUG get_topology_index: loaded from blob, 5 edges
DEBUG topo_utils: set topology_index on root c75b87ac-37de-4745-a498-16fd6bf0b73e, idx has 6 edges
Created node 5 (Total 10) with tweets
DEBUG get_topology_index: loaded from blob, 6 edges
DEBUG get_topology_index: loaded from blob, 6 edges
DEBUG topo_utils: set topology_index on root c75b87ac-37de-4745-a498-16fd6bf0b73e, idx has 7 edges
Created node 6 (Total 10) with tweets
DEBUG get_topology_index: loaded from blob, 7 edges
DEBUG get_topology_index: loaded from blob, 7 edges
DEBUG topo_utils: set topology_index on root c75b87ac-37de-4745-a498-16fd6bf0b73e, idx has 8 edges
Created node 7 (Total 10) with tweets
DEBUG get_topology_index: loaded from blob, 8 edges
DEBUG get_topology_index: loaded from blob, 8 edges
DEBUG topo_utils: set topology_index on root c75b87ac-37de-4745-a498-16fd6bf0b73e, idx has 9 edges
Created node 8 (Total 10) with tweets
DEBUG get_topology_index: loaded from blob, 9 edges
DEBUG get_topology_index: loaded from blob, 9 edges
DEBUG topo_utils: set topology_index on root c75b87ac-37de-4745-a498-16fd6bf0b73e, idx has 10 edges
Created node 9 (Total 10) with tweets
DEBUG get_topology_index: loaded from blob, 10 edges
DEBUG topo_utils: set topology_index on root c75b87ac-37de-4745-a498-16fd6bf0b73e, idx has 11 edges
Created edge 0 (Total 45) from 2 to 8
DEBUG get_topology_index: loaded from blob, 11 edges
DEBUG topo_utils: set topology_index on root c75b87ac-37de-4745-a498-16fd6bf0b73e, idx has 12 edges
Created edge 1 (Total 45) from 5 to 6
DEBUG get_topology_index: loaded from blob, 12 edges
DEBUG topo_utils: set topology_index on root c75b87ac-37de-4745-a498-16fd6bf0b73e, idx has 13 edges
Created edge 2 (Total 45) from 9 to 8
DEBUG get_topology_index: loaded from blob, 13 edges
DEBUG topo_utils: set topology_index on root c75b87ac-37de-4745-a498-16fd6bf0b73e, idx has 14 edges
Created edge 3 (Total 45) from 7 to 0
DEBUG get_topology_index: loaded from blob, 14 edges
DEBUG topo_utils: set topology_index on root c75b87ac-37de-4745-a498-16fd6bf0b73e, idx has 15 edges
Created edge 4 (Total 45) from 1 to 6
DEBUG get_topology_index: loaded from blob, 15 edges
DEBUG topo_utils: set topology_index on root c75b87ac-37de-4745-a498-16fd6bf0b73e, idx has 16 edges
Created edge 5 (Total 45) from 3 to 4
DEBUG get_topology_index: loaded from blob, 16 edges
DEBUG topo_utils: set topology_index on root c75b87ac-37de-4745-a498-16fd6bf0b73e, idx has 17 edges
Created edge 6 (Total 45) from 4 to 8
DEBUG get_topology_index: loaded from blob, 17 edges
DEBUG topo_utils: set topology_index on root c75b87ac-37de-4745-a498-16fd6bf0b73e, idx has 18 edges
Created edge 7 (Total 45) from 2 to 6
DEBUG get_topology_index: loaded from blob, 18 edges
DEBUG topo_utils: set topology_index on root c75b87ac-37de-4745-a498-16fd6bf0b73e, idx has 19 edges
Created edge 8 (Total 45) from 8 to 3
DEBUG get_topology_index: loaded from blob, 19 edges
DEBUG topo_utils: set topology_index on root c75b87ac-37de-4745-a498-16fd6bf0b73e, idx has 20 edges
Created edge 9 (Total 45) from 1 to 9
DEBUG get_topology_index: loaded from blob, 20 edges
DEBUG topo_utils: set topology_index on root c75b87ac-37de-4745-a498-16fd6bf0b73e, idx has 21 edges
Created edge 10 (Total 45) from 0 to 3
DEBUG get_topology_index: loaded from blob, 21 edges
DEBUG topo_utils: set topology_index on root c75b87ac-37de-4745-a498-16fd6bf0b73e, idx has 22 edges
Created edge 11 (Total 45) from 1 to 3
DEBUG get_topology_index: loaded from blob, 22 edges
DEBUG topo_utils: set topology_index on root c75b87ac-37de-4745-a498-16fd6bf0b73e, idx has 23 edges
Created edge 12 (Total 45) from 9 to 4
DEBUG get_topology_index: loaded from blob, 23 edges
DEBUG topo_utils: set topology_index on root c75b87ac-37de-4745-a498-16fd6bf0b73e, idx has 24 edges
Created edge 13 (Total 45) from 7 to 3
DEBUG get_topology_index: loaded from blob, 24 edges
DEBUG topo_utils: set topology_index on root c75b87ac-37de-4745-a498-16fd6bf0b73e, idx has 25 edges
Created edge 14 (Total 45) from 7 to 2
DEBUG get_topology_index: loaded from blob, 25 edges
DEBUG topo_utils: set topology_index on root c75b87ac-37de-4745-a498-16fd6bf0b73e, idx has 26 edges
Created edge 15 (Total 45) from 3 to 8
DEBUG get_topology_index: loaded from blob, 26 edges
DEBUG topo_utils: set topology_index on root c75b87ac-37de-4745-a498-16fd6bf0b73e, idx has 27 edges
Created edge 16 (Total 45) from 9 to 1
DEBUG get_topology_index: loaded from blob, 27 edges
DEBUG topo_utils: set topology_index on root c75b87ac-37de-4745-a498-16fd6bf0b73e, idx has 28 edges
Created edge 17 (Total 45) from 9 to 0
DEBUG get_topology_index: loaded from blob, 28 edges
DEBUG topo_utils: set topology_index on root c75b87ac-37de-4745-a498-16fd6bf0b73e, idx has 29 edges
Created edge 18 (Total 45) from 2 to 9
DEBUG get_topology_index: loaded from blob, 29 edges
DEBUG topo_utils: set topology_index on root c75b87ac-37de-4745-a498-16fd6bf0b73e, idx has 30 edges
Created edge 19 (Total 45) from 0 to 9
DEBUG get_topology_index: loaded from blob, 30 edges
DEBUG topo_utils: set topology_index on root c75b87ac-37de-4745-a498-16fd6bf0b73e, idx has 31 edges
Created edge 20 (Total 45) from 6 to 8
DEBUG get_topology_index: loaded from blob, 31 edges
DEBUG topo_utils: set topology_index on root c75b87ac-37de-4745-a498-16fd6bf0b73e, idx has 32 edges
Created edge 21 (Total 45) from 0 to 7
DEBUG get_topology_index: loaded from blob, 32 edges
DEBUG topo_utils: set topology_index on root c75b87ac-37de-4745-a498-16fd6bf0b73e, idx has 33 edges
Created edge 22 (Total 45) from 3 to 6
DEBUG get_topology_index: loaded from blob, 33 edges
DEBUG topo_utils: set topology_index on root c75b87ac-37de-4745-a498-16fd6bf0b73e, idx has 34 edges
Created edge 23 (Total 45) from 3 to 2
DEBUG get_topology_index: loaded from blob, 34 edges
DEBUG topo_utils: set topology_index on root c75b87ac-37de-4745-a498-16fd6bf0b73e, idx has 35 edges
Created edge 24 (Total 45) from 8 to 7
DEBUG get_topology_index: loaded from blob, 35 edges
DEBUG topo_utils: set topology_index on root c75b87ac-37de-4745-a498-16fd6bf0b73e, idx has 36 edges
Created edge 25 (Total 45) from 1 to 8
DEBUG get_topology_index: loaded from blob, 36 edges
DEBUG topo_utils: set topology_index on root c75b87ac-37de-4745-a498-16fd6bf0b73e, idx has 37 edges
Created edge 26 (Total 45) from 2 to 3
DEBUG get_topology_index: loaded from blob, 37 edges
DEBUG topo_utils: set topology_index on root c75b87ac-37de-4745-a498-16fd6bf0b73e, idx has 38 edges
Created edge 27 (Total 45) from 5 to 2
DEBUG get_topology_index: loaded from blob, 38 edges
DEBUG topo_utils: set topology_index on root c75b87ac-37de-4745-a498-16fd6bf0b73e, idx has 39 edges
Created edge 28 (Total 45) from 5 to 0
DEBUG get_topology_index: loaded from blob, 39 edges
DEBUG topo_utils: set topology_index on root c75b87ac-37de-4745-a498-16fd6bf0b73e, idx has 40 edges
Created edge 29 (Total 45) from 4 to 1
DEBUG get_topology_index: loaded from blob, 40 edges
DEBUG topo_utils: set topology_index on root c75b87ac-37de-4745-a498-16fd6bf0b73e, idx has 41 edges
Created edge 30 (Total 45) from 1 to 4
DEBUG get_topology_index: loaded from blob, 41 edges
DEBUG topo_utils: set topology_index on root c75b87ac-37de-4745-a498-16fd6bf0b73e, idx has 42 edges
Created edge 31 (Total 45) from 7 to 8
DEBUG get_topology_index: loaded from blob, 42 edges
DEBUG topo_utils: set topology_index on root c75b87ac-37de-4745-a498-16fd6bf0b73e, idx has 43 edges
Created edge 32 (Total 45) from 8 to 4
DEBUG get_topology_index: loaded from blob, 43 edges
DEBUG topo_utils: set topology_index on root c75b87ac-37de-4745-a498-16fd6bf0b73e, idx has 44 edges
Created edge 33 (Total 45) from 1 to 2
DEBUG get_topology_index: loaded from blob, 44 edges
DEBUG topo_utils: set topology_index on root c75b87ac-37de-4745-a498-16fd6bf0b73e, idx has 45 edges
Created edge 34 (Total 45) from 8 to 6
DEBUG get_topology_index: loaded from blob, 45 edges
DEBUG topo_utils: set topology_index on root c75b87ac-37de-4745-a498-16fd6bf0b73e, idx has 46 edges
Created edge 35 (Total 45) from 4 to 6
DEBUG get_topology_index: loaded from blob, 46 edges
DEBUG topo_utils: set topology_index on root c75b87ac-37de-4745-a498-16fd6bf0b73e, idx has 47 edges
Created edge 36 (Total 45) from 0 to 4
DEBUG get_topology_index: loaded from blob, 47 edges
DEBUG topo_utils: set topology_index on root c75b87ac-37de-4745-a498-16fd6bf0b73e, idx has 48 edges
Created edge 37 (Total 45) from 5 to 7
DEBUG get_topology_index: loaded from blob, 48 edges
DEBUG topo_utils: set topology_index on root c75b87ac-37de-4745-a498-16fd6bf0b73e, idx has 49 edges
Created edge 38 (Total 45) from 8 to 0
DEBUG get_topology_index: loaded from blob, 49 edges
DEBUG topo_utils: set topology_index on root c75b87ac-37de-4745-a498-16fd6bf0b73e, idx has 50 edges
Created edge 39 (Total 45) from 4 to 3
DEBUG get_topology_index: loaded from blob, 50 edges
DEBUG topo_utils: set topology_index on root c75b87ac-37de-4745-a498-16fd6bf0b73e, idx has 51 edges
Created edge 40 (Total 45) from 4 to 0
DEBUG get_topology_index: loaded from blob, 51 edges
DEBUG topo_utils: set topology_index on root c75b87ac-37de-4745-a498-16fd6bf0b73e, idx has 52 edges
Created edge 41 (Total 45) from 7 to 1
DEBUG get_topology_index: loaded from blob, 52 edges
DEBUG topo_utils: set topology_index on root c75b87ac-37de-4745-a498-16fd6bf0b73e, idx has 53 edges
Created edge 42 (Total 45) from 6 to 0
DEBUG get_topology_index: loaded from blob, 53 edges
DEBUG topo_utils: set topology_index on root c75b87ac-37de-4745-a498-16fd6bf0b73e, idx has 54 edges
Created edge 43 (Total 45) from 1 to 0
DEBUG get_topology_index: loaded from blob, 54 edges
DEBUG topo_utils: set topology_index on root c75b87ac-37de-4745-a498-16fd6bf0b73e, idx has 55 edges
Created edge 44 (Total 45) from 6 to 9
root: c75b87ac-37de-4745-a498-16fd6bf0b73e
127.0.0.1 - "POST /function/create_node HTTP/1.1" 200 -
