⚠ Debug mode is enabled. For production, consider setting debug=false in [plugins.client] section of jac.toml
  Port 8000 is in use, using port 8004 instead
Jac API Server running on http://0.0.0.0:8004
Module: main

Available endpoints:
  POST /user/register - Create a new user
  POST /user/login - Login and get auth token
  GET  /user/info - Get current user information (auth required)
  PUT  /user/username - Update username (auth required)
  PUT  /user/password - Update password (auth required)
  GET /functions - List all functions
  GET /walkers - List all walkers
  GET /function/<name> - Get function signature
  GET /walker/<name> - Get walker info
  POST /function/<name> - Call a function
  POST /walker/<name> - Spawn a walker
  GET /cl/<name> - Render HTML page for client function

Press Ctrl+C to stop the server

  JAC DEV SERVER v0.9.8

  ➜  Local:     http://localhost:8004/
  ➜  Network:   http://192.168.1.119:8004/

  🚀 Server ready

